<?xml version="1.0" encoding="UTF-8"?>
<!-- Generated by org.testng.reporters.JUnitXMLReporter -->
<testsuite hostname="DESKTOP-UK84QK6" ignored="0" name="Free CRM App Test Cases" tests="7" failures="0" timestamp="23 Apr 2019 14:02:24 GMT" time="95.746" errors="0">
  <testcase name="loginTest" time="0.488" classname="com.CRM.qa.TestCases.LoginPageTestCases"/>
  <testcase name="verifyHomePageTitleTest" time="0.016" classname="com.CRM.qa.TestCases.HomePageTestCases"/>
  <testcase name="loginPageTitleTest" time="0.011" classname="com.CRM.qa.TestCases.LoginPageTestCases"/>
  <testcase name="verifyUserNameTest" time="1.771" classname="com.CRM.qa.TestCases.HomePageTestCases"/>
  <testcase name="Verifylink" time="0.053" classname="com.CRM.qa.TestCases.LoginPageTestCases"/>
  <testcase name="verifyContactsLinkTest" time="2.076" classname="com.CRM.qa.TestCases.HomePageTestCases"/>
  <testcase name="verifyDealsLinkTest" time="2.373" classname="com.CRM.qa.TestCases.HomePageTestCases"/>
</testsuite> <!-- Free CRM App Test Cases -->
