<?xml version="1.0" encoding="UTF-8"?>
<testng-results skipped="0" failed="0" ignored="0" total="1" passed="1">
  <reporter-output>
  </reporter-output>
  <suite name="Default suite" duration-ms="93389" started-at="2019-04-28T05:16:55Z" finished-at="2019-04-28T05:18:29Z">
    <groups>
    </groups>
    <test name="Default test" duration-ms="93389" started-at="2019-04-28T05:16:55Z" finished-at="2019-04-28T05:18:29Z">
      <class name="com.CRM.qa.TestCases.CreateContactTest$ContactsPageTest">
        <test-method status="PASS" signature="setUp()[pri:0, instance:com.CRM.qa.TestCases.CreateContactTest$ContactsPageTest@55f3ddb1]" name="setUp" is-config="true" duration-ms="44349" started-at="2019-04-28T10:46:55Z" finished-at="2019-04-28T10:47:40Z">
          <reporter-output>
          </reporter-output>
        </test-method> <!-- setUp -->
        <test-method status="PASS" signature="Checkcontact()[pri:2, instance:com.CRM.qa.TestCases.CreateContactTest$ContactsPageTest@55f3ddb1]" name="Checkcontact" duration-ms="49015" started-at="2019-04-28T10:47:40Z" finished-at="2019-04-28T10:48:29Z">
          <reporter-output>
          </reporter-output>
        </test-method> <!-- Checkcontact -->
        <test-method status="PASS" signature="tearDown()[pri:0, instance:com.CRM.qa.TestCases.CreateContactTest$ContactsPageTest@55f3ddb1]" name="tearDown" is-config="true" duration-ms="0" started-at="2019-04-28T10:48:29Z" finished-at="2019-04-28T10:48:29Z">
          <reporter-output>
          </reporter-output>
        </test-method> <!-- tearDown -->
      </class> <!-- com.CRM.qa.TestCases.CreateContactTest$ContactsPageTest -->
    </test> <!-- Default test -->
  </suite> <!-- Default suite -->
</testng-results>
